2020-11-30 15:20:22,526 INFO Namespace(batch_size=6, checkpoint='checkpoints/best_ckpt_30.pth', data_root='data/pascal/VOCdevkit/VOC2012', epochs=1000, eval_interval=10, img_dir='JPEGImages', mask_dir='SegmentationClass', train_path='ImageSets/Segmentation/train.txt', val_path='ImageSets/Segmentation/val.txt')
2020-11-30 15:22:59,933 INFO 1 epoch loss: 2.9345680533862506
2020-11-30 15:23:53,420 INFO epoch 1 val loss: 2.8891300486994314
2020-11-30 15:23:53,420 INFO Overall Acc: 	: 0.05501557712805032
2020-11-30 15:23:53,420 INFO Mean Acc : 	: 0.08951025538013663
2020-11-30 15:23:53,421 INFO FreqW Acc : 	: 0.031410355383943524
2020-11-30 15:23:53,421 INFO Mean IoU : 	: 0.014398931775570651
2020-11-30 15:23:53,421 INFO 0: 0.03604283250485399
2020-11-30 15:23:53,421 INFO 1: 0.02868154346762411
2020-11-30 15:23:53,421 INFO 2: 0.003784076299337177
2020-11-30 15:23:53,422 INFO 3: 0.0030954208745335617
2020-11-30 15:23:53,422 INFO 4: 0.0008299404812876316
2020-11-30 15:23:53,422 INFO 5: 0.006409325845845611
2020-11-30 15:23:53,422 INFO 6: 0.00037679858139929207
2020-11-30 15:23:53,422 INFO 7: 0.047304082525343384
2020-11-30 15:23:53,422 INFO 8: 0.04694974330993493
2020-11-30 15:23:53,422 INFO 9: 0.003948789868047227
2020-11-30 15:23:53,422 INFO 10: 0.0005623649534334122
2020-11-30 15:23:53,422 INFO 11: 0.0030640620488158543
2020-11-30 15:23:53,422 INFO 12: 0.003937286535782678
2020-11-30 15:23:53,422 INFO 13: 0.0033034228335580653
2020-11-30 15:23:53,423 INFO 14: 0.02473499990071447
2020-11-30 15:23:53,423 INFO 15: 0.023909956175131742
2020-11-30 15:23:53,423 INFO 16: 0.001020387700690627
2020-11-30 15:23:53,423 INFO 17: 0.010212280471293056
2020-11-30 15:23:53,423 INFO 18: 0.011324599422366802
2020-11-30 15:23:53,423 INFO 19: 0.03551506540757648
2020-11-30 15:23:53,423 INFO 20: 0.007370588079413533
2020-11-30 15:26:22,978 INFO 2 epoch loss: 2.9473221712425106
2020-11-30 15:28:56,309 INFO 3 epoch loss: 2.9553484646349006
2020-11-30 15:31:27,165 INFO 4 epoch loss: 2.9432808705529228
2020-11-30 15:33:59,201 INFO 5 epoch loss: 2.92664746769139
2020-11-30 15:36:29,385 INFO 6 epoch loss: 2.912296299888788
2020-11-30 15:38:58,387 INFO 7 epoch loss: 2.904999571885102
2020-11-30 15:41:27,334 INFO 8 epoch loss: 2.8961088659821965
2020-11-30 15:43:56,401 INFO 9 epoch loss: 2.8903960957987493
2020-11-30 15:46:25,516 INFO 10 epoch loss: 2.879684675716963
2020-11-30 15:48:54,649 INFO 11 epoch loss: 2.8707520110774145
2020-11-30 15:49:48,135 INFO epoch 11 val loss: 2.7873735702954807
2020-11-30 15:49:48,136 INFO Overall Acc: 	: 0.09433176897574162
2020-11-30 15:49:48,136 INFO Mean Acc : 	: 0.09900722029743542
2020-11-30 15:49:48,136 INFO FreqW Acc : 	: 0.07011690484262756
2020-11-30 15:49:48,136 INFO Mean IoU : 	: 0.014362786312799095
2020-11-30 15:49:48,136 INFO 0: 0.0877163060973668
2020-11-30 15:49:48,136 INFO 1: 1.601652371363123e-05
2020-11-30 15:49:48,136 INFO 2: 0.0041452912484025535
2020-11-30 15:49:48,136 INFO 3: 0.0
2020-11-30 15:49:48,136 INFO 4: 0.013358058985253189
2020-11-30 15:49:48,137 INFO 5: 0.000604089938349985
2020-11-30 15:49:48,137 INFO 6: 0.048370615262837154
2020-11-30 15:49:48,137 INFO 7: 0.00405750576807795
2020-11-30 15:49:48,137 INFO 8: 0.054756401416921424
2020-11-30 15:49:48,137 INFO 9: 0.003985670187543713
2020-11-30 15:49:48,137 INFO 10: 0.0
2020-11-30 15:49:48,137 INFO 11: 0.006255669657857906
2020-11-30 15:49:48,137 INFO 12: 0.003686359152939774
2020-11-30 15:49:48,137 INFO 13: 0.0
2020-11-30 15:49:48,137 INFO 14: 0.010193062364401704
2020-11-30 15:49:48,138 INFO 15: 0.03373827112631035
2020-11-30 15:49:48,138 INFO 16: 5.274701161805678e-07
2020-11-30 15:49:48,138 INFO 17: 0.0012391068734069817
2020-11-30 15:49:48,138 INFO 18: 0.012773110569350717
2020-11-30 15:49:48,138 INFO 19: 0.016715593746395797
2020-11-30 15:49:48,138 INFO 20: 6.856179535110697e-06
2020-11-30 15:52:16,936 INFO 12 epoch loss: 2.8605049903112683
2020-11-30 15:54:45,967 INFO 13 epoch loss: 2.8523960448002907
2020-11-30 15:57:17,090 INFO 14 epoch loss: 2.8436120590086005
2020-11-30 15:59:46,202 INFO 15 epoch loss: 2.835535208840188
2020-11-30 16:02:15,293 INFO 16 epoch loss: 2.828038545081117
2020-11-30 16:04:44,456 INFO 17 epoch loss: 2.822173645290597
2020-11-30 16:07:13,694 INFO 18 epoch loss: 2.8142655442972653
2020-11-30 16:09:42,860 INFO 19 epoch loss: 2.8058638848859343
2020-11-30 16:12:12,438 INFO 20 epoch loss: 2.7990596058915873
2020-11-30 16:14:41,285 INFO 21 epoch loss: 2.791948884260273
2020-11-30 16:15:35,184 INFO epoch 21 val loss: 2.7358012120802324
2020-11-30 16:15:35,184 INFO Overall Acc: 	: 0.0801511123478207
2020-11-30 16:15:35,185 INFO Mean Acc : 	: 0.12423479242836033
2020-11-30 16:15:35,185 INFO FreqW Acc : 	: 0.05923815357706739
2020-11-30 16:15:35,185 INFO Mean IoU : 	: 0.01644423598815487
2020-11-30 16:15:35,185 INFO 0: 0.07354321061076413
2020-11-30 16:15:35,185 INFO 1: 0.025018910196531907
2020-11-30 16:15:35,186 INFO 2: 0.006166675846577525
2020-11-30 16:15:35,186 INFO 3: 0.00024251484415338447
2020-11-30 16:15:35,186 INFO 4: 0.0005535668501108774
2020-11-30 16:15:35,186 INFO 5: 1.053300517170554e-06
2020-11-30 16:15:35,186 INFO 6: 4.7086336722241625e-07
2020-11-30 16:15:35,187 INFO 7: 5.620116827946708e-05
2020-11-30 16:15:35,187 INFO 8: 7.995688685538122e-05
2020-11-30 16:15:35,187 INFO 9: 3.0051455847625547e-05
2020-11-30 16:15:35,187 INFO 10: 0.021376034715968367
2020-11-30 16:15:35,187 INFO 11: 0.010379239207149695
2020-11-30 16:15:35,188 INFO 12: 0.07757275882562943
2020-11-30 16:15:35,188 INFO 13: 0.0031145449890525715
2020-11-30 16:15:35,188 INFO 14: 0.035507620140301135
2020-11-30 16:15:35,188 INFO 15: 0.023214920439186267
2020-11-30 16:15:35,188 INFO 16: 0.0
2020-11-30 16:15:35,189 INFO 17: 0.03617282998400183
2020-11-30 16:15:35,189 INFO 18: 0.02174128558671454
2020-11-30 16:15:35,189 INFO 19: 0.00010205303947411567
2020-11-30 16:15:35,189 INFO 20: 0.01045505680076955
2020-11-30 16:18:05,968 INFO 22 epoch loss: 2.785720871364484
2020-11-30 16:20:37,666 INFO 23 epoch loss: 2.779221353089903
2020-11-30 16:23:08,816 INFO 24 epoch loss: 2.773165268365477
2020-11-30 16:25:39,190 INFO 25 epoch loss: 2.766131402703582
2020-11-30 16:28:07,770 INFO 26 epoch loss: 2.759886530372414
2020-11-30 16:30:39,109 INFO 27 epoch loss: 2.7538571783138464
2020-11-30 16:33:08,947 INFO 28 epoch loss: 2.7471504982656842
2020-11-30 16:35:38,356 INFO 29 epoch loss: 2.7407662836490476
2020-11-30 16:38:07,559 INFO 30 epoch loss: 2.734413399152417
2020-11-30 16:40:36,100 INFO 31 epoch loss: 2.728121103747442
2020-11-30 16:41:29,761 INFO epoch 31 val loss: 2.611132936163263
2020-11-30 16:41:29,762 INFO Overall Acc: 	: 0.16114543338246473
2020-11-30 16:41:29,762 INFO Mean Acc : 	: 0.14799258626325212
2020-11-30 16:41:29,762 INFO FreqW Acc : 	: 0.13619876467784223
2020-11-30 16:41:29,762 INFO Mean IoU : 	: 0.028275488561972723
2020-11-30 16:41:29,762 INFO 0: 0.17482865353646182
2020-11-30 16:41:29,762 INFO 1: 0.03147448010591641
2020-11-30 16:41:29,762 INFO 2: 0.013957669048044007
2020-11-30 16:41:29,762 INFO 3: 0.014704435678482846
2020-11-30 16:41:29,762 INFO 4: 0.0025013420996952513
2020-11-30 16:41:29,763 INFO 5: 0.004577254326830526
2020-11-30 16:41:29,763 INFO 6: 0.04818855087218621
2020-11-30 16:41:29,763 INFO 7: 0.0010956330623946087
2020-11-30 16:41:29,763 INFO 8: 0.004400037720913552
2020-11-30 16:41:29,763 INFO 9: 0.0003599813524020061
2020-11-30 16:41:29,763 INFO 10: 0.0072537979194942735
2020-11-30 16:41:29,763 INFO 11: 0.022636195759402206
2020-11-30 16:41:29,763 INFO 12: 0.08939167566249367
2020-11-30 16:41:29,763 INFO 13: 0.00961080705926278
2020-11-30 16:41:29,763 INFO 14: 0.052576665000058954
2020-11-30 16:41:29,764 INFO 15: 0.008561171554562033
2020-11-30 16:41:29,764 INFO 16: 0.01331059760494598
2020-11-30 16:41:29,764 INFO 17: 0.03911315480830537
2020-11-30 16:41:29,764 INFO 18: 0.030024049459143633
2020-11-30 16:41:29,764 INFO 19: 0.010199332100440045
2020-11-30 16:41:29,764 INFO 20: 0.015019775069991057
2020-11-30 16:43:59,237 INFO 32 epoch loss: 2.7209321188541953
2020-11-30 16:46:32,761 INFO 33 epoch loss: 2.7141762511296705
