2020-11-30 13:11:21,671 INFO Namespace(batch_size=6, checkpoint=None, data_root='data/pascal/VOCdevkit/VOC2012', epochs=1000, eval_interval=10, img_dir='JPEGImages', mask_dir='SegmentationClass', train_path='ImageSets/Segmentation/train.txt', val_path='ImageSets/Segmentation/val.txt')
2020-11-30 13:13:56,242 INFO 1 epoch loss: 3.123097523314054
2020-11-30 13:14:49,832 INFO Overall Acc: 	: 0.0521091832384066
2020-11-30 13:14:49,832 INFO Mean Acc : 	: 0.05468962381677509
2020-11-30 13:14:49,833 INFO FreqW Acc : 	: 0.03849160215129825
2020-11-30 13:14:49,833 INFO Mean IoU : 	: 0.011340298321433875
2020-11-30 13:14:49,833 INFO 0: 0.04650465178148988
2020-11-30 13:14:49,833 INFO 1: 0.00995931579435226
2020-11-30 13:14:49,834 INFO 2: 0.0027828889175688185
2020-11-30 13:14:49,834 INFO 3: 0.006119957076558974
2020-11-30 13:14:49,834 INFO 4: 1.513583656525488e-06
2020-11-30 13:14:49,834 INFO 5: 0.006688583572526425
2020-11-30 13:14:49,834 INFO 6: 0.0013703807743802277
2020-11-30 13:14:49,835 INFO 7: 0.01638700732832941
2020-11-30 13:14:49,835 INFO 8: 0.02174861800371271
2020-11-30 13:14:49,835 INFO 9: 0.006920189754343049
2020-11-30 13:14:49,835 INFO 10: 0.005345038327923738
2020-11-30 13:14:49,835 INFO 11: 0.0030605297519942314
2020-11-30 13:14:49,836 INFO 12: 0.011720889049429048
2020-11-30 13:14:49,836 INFO 13: 0.007889690385210108
2020-11-30 13:14:49,836 INFO 14: 0.017659613845219403
2020-11-30 13:14:49,836 INFO 15: 0.0336483721823112
2020-11-30 13:14:49,836 INFO 16: 0.0006179322243684714
2020-11-30 13:14:49,836 INFO 17: 0.006380785593135931
2020-11-30 13:14:49,837 INFO 18: 0.012694669362714933
2020-11-30 13:14:49,837 INFO 19: 0.01490585264466687
2020-11-30 13:14:49,837 INFO 20: 0.00573978479621911
2020-11-30 13:17:20,891 INFO 2 epoch loss: 3.091206063989733
2020-11-30 13:19:55,648 INFO 3 epoch loss: 3.072933899900301
2020-11-30 13:22:26,732 INFO 4 epoch loss: 3.0600456998485033
2020-11-30 13:24:57,655 INFO 5 epoch loss: 3.0542192529459466
2020-11-30 13:27:28,355 INFO 6 epoch loss: 3.047290318324918
2020-11-30 13:29:58,797 INFO 7 epoch loss: 3.0439160752352286
2020-11-30 13:32:28,097 INFO 8 epoch loss: 3.0373878073496896
2020-11-30 13:34:57,487 INFO 9 epoch loss: 3.032191454169963
2020-11-30 13:37:31,194 INFO 10 epoch loss: 3.0259758360073215
2020-11-30 13:40:00,780 INFO 11 epoch loss: 3.0191702034363272
2020-11-30 13:40:54,540 INFO Overall Acc: 	: 0.07437917263117882
2020-11-30 13:40:54,541 INFO Mean Acc : 	: 0.08464029296003124
2020-11-30 13:40:54,541 INFO FreqW Acc : 	: 0.0483217629063363
2020-11-30 13:40:54,541 INFO Mean IoU : 	: 0.012859012634646253
2020-11-30 13:40:54,541 INFO 0: 0.05926074182270562
2020-11-30 13:40:54,541 INFO 1: 0.00012657515283116973
2020-11-30 13:40:54,541 INFO 2: 0.004539710999911141
2020-11-30 13:40:54,541 INFO 3: 1.3779807646703677e-05
2020-11-30 13:40:54,541 INFO 4: 0.0
2020-11-30 13:40:54,541 INFO 5: 3.5090711243098974e-06
2020-11-30 13:40:54,541 INFO 6: 0.023239657773388725
2020-11-30 13:40:54,542 INFO 7: 0.03729222445857778
2020-11-30 13:40:54,542 INFO 8: 0.031422872002715437
2020-11-30 13:40:54,542 INFO 9: 0.0047094452982777025
2020-11-30 13:40:54,542 INFO 10: 0.0003210178526618484
2020-11-30 13:40:54,542 INFO 11: 5.1735271101281945e-05
2020-11-30 13:40:54,542 INFO 12: 0.004667334293108002
2020-11-30 13:40:54,542 INFO 13: 3.6357053726064095e-05
2020-11-30 13:40:54,542 INFO 14: 0.04223058279054304
2020-11-30 13:40:54,542 INFO 15: 0.02692005455837631
2020-11-30 13:40:54,543 INFO 16: 3.164732224094689e-06
2020-11-30 13:40:54,543 INFO 17: 0.002581642538698807
2020-11-30 13:40:54,543 INFO 18: 0.009547765528678103
2020-11-30 13:40:54,543 INFO 19: 0.02292409644581048
2020-11-30 13:40:54,543 INFO 20: 0.0001469978754646678
2020-11-30 13:43:25,350 INFO 12 epoch loss: 3.013085012390314
2020-11-30 13:45:58,409 INFO 13 epoch loss: 3.0069122010041003
2020-11-30 13:48:29,140 INFO 14 epoch loss: 3.000678835973248
2020-11-30 13:50:59,002 INFO 15 epoch loss: 2.994259870182621
2020-11-30 13:53:29,311 INFO 16 epoch loss: 2.987390886992216
2020-11-30 13:56:00,502 INFO 17 epoch loss: 2.9815652930288215
2020-11-30 13:58:30,758 INFO 18 epoch loss: 2.9751351135893165
2020-11-30 14:01:00,691 INFO 19 epoch loss: 2.968331802086752
2020-11-30 14:03:30,591 INFO 20 epoch loss: 2.962422307006648
2020-11-30 14:06:02,643 INFO 21 epoch loss: 2.9557447844329614
2020-11-30 14:06:56,292 INFO Overall Acc: 	: 0.11328542800176711
2020-11-30 14:06:56,292 INFO Mean Acc : 	: 0.09157792155290015
2020-11-30 14:06:56,292 INFO FreqW Acc : 	: 0.08099879131672826
2020-11-30 14:06:56,292 INFO Mean IoU : 	: 0.0161984229267892
2020-11-30 14:06:56,293 INFO 0: 0.10155897100875799
2020-11-30 14:06:56,293 INFO 1: 0.013223577778362187
2020-11-30 14:06:56,293 INFO 2: 0.0006937359445499982
2020-11-30 14:06:56,293 INFO 3: 0.0006310265937731378
2020-11-30 14:06:56,293 INFO 4: 6.232785047698257e-05
2020-11-30 14:06:56,293 INFO 5: 0.0
2020-11-30 14:06:56,293 INFO 6: 0.009358143306312959
2020-11-30 14:06:56,293 INFO 7: 0.02932387571256479
2020-11-30 14:06:56,293 INFO 8: 0.04009052993648449
2020-11-30 14:06:56,293 INFO 9: 2.9114982181630904e-06
2020-11-30 14:06:56,293 INFO 10: 4.9585809275989796e-05
2020-11-30 14:06:56,294 INFO 11: 0.00031939095498133356
2020-11-30 14:06:56,294 INFO 12: 0.009358466421972756
2020-11-30 14:06:56,294 INFO 13: 2.67144439655633e-05
2020-11-30 14:06:56,294 INFO 14: 0.042308706496355306
2020-11-30 14:06:56,294 INFO 15: 0.044538344662811674
2020-11-30 14:06:56,294 INFO 16: 0.0
2020-11-30 14:06:56,294 INFO 17: 0.0011816197290398477
2020-11-30 14:06:56,294 INFO 18: 0.011687255537554125
2020-11-30 14:06:56,294 INFO 19: 0.03155602503395393
2020-11-30 14:06:56,294 INFO 20: 0.004195672743162036
2020-11-30 14:09:29,942 INFO 22 epoch loss: 2.9488250715366595
2020-11-30 14:12:05,712 INFO 23 epoch loss: 2.9424324740024437
2020-11-30 14:14:38,901 INFO 24 epoch loss: 2.936274876482174
2020-11-30 14:17:10,848 INFO 25 epoch loss: 2.929668644412619
2020-11-30 14:19:41,868 INFO 26 epoch loss: 2.9238084397580555
2020-11-30 14:22:13,648 INFO 27 epoch loss: 2.9176995693804932
2020-11-30 14:24:44,532 INFO 28 epoch loss: 2.911868838554104
2020-11-30 14:27:13,918 INFO 29 epoch loss: 2.9061805055328787
2020-11-30 14:29:44,025 INFO 30 epoch loss: 2.9008881257531423
2020-11-30 14:32:15,716 INFO 31 epoch loss: 2.895251989301584
2020-11-30 14:33:10,870 INFO Overall Acc: 	: 0.13908369644828464
2020-11-30 14:33:10,870 INFO Mean Acc : 	: 0.10227709328493
2020-11-30 14:33:10,871 INFO FreqW Acc : 	: 0.09663218676930345
2020-11-30 14:33:10,871 INFO Mean IoU : 	: 0.021461450001016787
2020-11-30 14:33:10,871 INFO 0: 0.11993175307842384
2020-11-30 14:33:10,871 INFO 1: 0.018612540478794768
2020-11-30 14:33:10,872 INFO 2: 0.004509351975454675
2020-11-30 14:33:10,872 INFO 3: 9.285223495329533e-06
2020-11-30 14:33:10,872 INFO 4: 0.00753836860351173
2020-11-30 14:33:10,872 INFO 5: 0.0
2020-11-30 14:33:10,872 INFO 6: 0.01772408116605762
2020-11-30 14:33:10,872 INFO 7: 0.061943447406025164
2020-11-30 14:33:10,873 INFO 8: 0.06688849447827903
2020-11-30 14:33:10,873 INFO 9: 0.000516712982094991
2020-11-30 14:33:10,873 INFO 10: 2.3093829536592288e-07
2020-11-30 14:33:10,873 INFO 11: 0.00048377924954804834
2020-11-30 14:33:10,873 INFO 12: 0.03584766360052401
2020-11-30 14:33:10,873 INFO 13: 1.0214069011867983e-06
2020-11-30 14:33:10,874 INFO 14: 0.0096005471680421
2020-11-30 14:33:10,874 INFO 15: 0.05154910626497313
2020-11-30 14:33:10,874 INFO 16: 0.0
2020-11-30 14:33:10,874 INFO 17: 0.0022921397661501567
2020-11-30 14:33:10,874 INFO 18: 0.0031386835621820723
2020-11-30 14:33:10,874 INFO 19: 0.04199630132591182
2020-11-30 14:33:10,875 INFO 20: 0.008106941346687543
2020-11-30 14:35:41,475 INFO 32 epoch loss: 2.8895318062945465
2020-11-30 14:38:11,235 INFO 33 epoch loss: 2.8843625409947777
